<?xml version="1.0" encoding="UTF-8"?>
<!-- Generated by org.testng.reporters.JUnitReportReporter -->
<testsuite hostname="HYDHTC389187L" failures="0" tests="1" name="webelementTest.WebelementTestCases" time="15.319" errors="0" timestamp="2024-02-05T12:43:32 IST" skipped="0">
  <testcase classname="webelementTest.WebelementTestCases" name="test" time="15.319"/>
</testsuite> <!-- webelementTest.WebelementTestCases -->
